27/03/2018 19:27:33 - Installation successful.
27/03/2018 19:26:24 - Erro ao iniciar o processo de instalação em: br001tin011: 9
27/03/2018 19:26:24 - Erro ao copiar para: br001tin011 - Código de erro: 9
27/03/2018 19:25:19 - Erro ao iniciar o processo de instalação em: br001tin011: 2
27/03/2018 19:25:19 - Erro ao copiar para: br001tin011 - Código de erro: 2
27/03/2018 19:24:23 - Erro ao iniciar o processo de instalação em: br001tin011: 9
27/03/2018 19:24:02 - Erro ao iniciar o processo de instalação em: br001tin011: 9
26/03/2018 15:50:06 - 
26/03/2018 15:49:41 - Erro ao conectar-se a br001tin01.
26/03/2018 13:05:28 - Erro ao conectar-se a BR0702ATM01.
26/03/2018 13:05:28 - Erro ao conectar-se a BR0702ATM01.
26/03/2018 13:05:27 - Erro ao conectar-se a br0661rod05.international.cinemark.com.
26/03/2018 13:05:27 - Erro ao conectar-se a BR001TIN081.
26/03/2018 13:05:26 - Erro ao conectar-se a br001vgn002.international.cinemark.com.
26/03/2018 13:05:25 - Erro ao conectar-se a br001fid003.international.cinemark.com.
26/03/2018 13:05:25 - Erro ao conectar-se a br001tin069.international.cinemark.com.
26/03/2018 13:05:24 - Erro ao conectar-se a br001drn001.international.cinemark.com.
26/03/2018 13:05:24 - Erro ao conectar-se a br001tid025.international.cinemark.com.
26/03/2018 12:58:28 - Erro ao conectar-se a br001opd007.international.cinemark.com.
26/03/2018 12:58:28 - Erro ao conectar-se a BR001RHN012.
26/03/2018 12:58:28 - Erro ao conectar-se a br001egn005.international.cinemark.com.
26/03/2018 12:58:07 - Erro ao conectar-se a br001fid008.international.cinemark.com.
26/03/2018 12:57:46 - Erro ao conectar-se a br001fid013.international.cinemark.com.
26/03/2018 12:57:46 - Erro ao conectar-se a br001pgd005.international.cinemark.com.
26/03/2018 12:57:46 - Erro ao conectar-se a br001man052.international.cinemark.com.
26/03/2018 12:57:46 - Erro ao conectar-se a br001fin009.international.cinemark.com.
26/03/2018 12:57:46 - Erro ao conectar-se a br001rhn014.international.cinemark.com.
26/03/2018 12:57:25 - Erro ao conectar-se a BR0702ATM01.
26/03/2018 12:57:24 - Erro ao conectar-se a BR0702ATM01.
26/03/2018 12:57:23 - Erro ao conectar-se a br0661rod05.international.cinemark.com.
26/03/2018 12:57:15 - Erro ao conectar-se a BR001TIN081.
26/03/2018 12:57:14 - Erro ao conectar-se a br001vgn002.international.cinemark.com.
26/03/2018 12:57:14 - Erro ao conectar-se a br001fid003.international.cinemark.com.
26/03/2018 12:57:14 - Erro ao conectar-se a br001tin069.international.cinemark.com.
26/03/2018 12:57:13 - Erro ao conectar-se a br001drn001.international.cinemark.com.
26/03/2018 12:57:13 - Erro ao conectar-se a br001tid025.international.cinemark.com.
26/03/2018 12:56:39 - Installation successful.
26/03/2018 12:55:49 - Installation successful.
26/03/2018 12:55:48 - Failed copy to br001tin011 - error: 9
26/03/2018 12:06:26 - Erro ao iniciar o processo de instalação em: br001tin011: 9
26/03/2018 12:06:03 - Erro ao conectar-se a zxcbr001tin011.
26/03/2018 12:04:50 - Installation successful.
26/03/2018 12:03:37 - Installation successful.
26/03/2018 12:02:29 - BR001TIN011 - WSUS.bat - LROSA - 
23/03/2018 12:37:48 - BR001TIN011 - teste4.msi - BBBLROSA - Sucesso
23/03/2018 12:37:46 - BR001TIN011 - teste3.msi - BBBLROSA - Sucesso
23/03/2018 12:37:44 - BR001TIN011 - teste2.msi - BBBLROSA - Sucesso
23/03/2018 12:37:42 - BR001TIN011 - teste1.msi - BBBLROSA - Sucesso
20/03/2018 10:55:27 - BR001TIN011 - teste4.msi - BBBLROSA - Sucesso
20/03/2018 10:55:25 - BR001TIN011 - teste3.msi - BBBLROSA - Sucesso
20/03/2018 10:55:23 - BR001TIN011 - teste2.msi - BBBLROSA - Sucesso
20/03/2018 10:55:21 - BR001TIN011 - teste1.msi - BBBLROSA - Sucesso
16/03/2018 20:10:25 - BR001TIN011 - teste4.msi - LROSA - Sucesso
16/03/2018 20:10:23 - BR001TIN011 - teste3.msi - LROSA - Sucesso
16/03/2018 20:10:21 - BR001TIN011 - teste2.msi - LROSA - Sucesso
16/03/2018 20:10:18 - BR001TIN011 - teste1.msi - LROSA - Sucesso
16/03/2018 20:05:26 - BR001TIN011 - teste2.msi - LROSA - Sucesso
16/03/2018 20:05:24 - BR001TIN011 - teste1.msi - LROSA - Sucesso
16/03/2018 19:58:56 - BR001TIN011 - teste2.msi - LROSA - Sucesso
16/03/2018 19:58:54 - BR001TIN011 - teste1.msi - LROSA - Sucesso
16/03/2018 19:56:09 - BR001TIN011 - teste2.msi - LROSA - Sucesso
16/03/2018 19:56:07 - BR001TIN011 - teste1.msi - LROSA - Sucesso
16/03/2018 19:54:26 - BR001TIN011 - teste2.msi - LROSA - Sucesso
16/03/2018 19:54:24 - BR001TIN011 - teste1.msi - LROSA - Sucesso














































































































